19:23:17 **** Incremental Build of configuration Debug for project pacman ****
make pre-build main-build 
a9-linaro-pre-build-step
 
make: Nothing to be done for 'main-build'.
19:26:32 **** Auto Build of configuration Debug for project pacman ****
make pre-build main-build 
a9-linaro-pre-build-step
 
Building file: ../src/sources/io_devices.c
Invoking: ARM v7 gcc compiler
arm-none-eabi-gcc -Wall -O0 -g3 -c -fmessage-length=0 -MT"src/sources/io_devices.o" -mcpu=cortex-a9 -mfpu=vfpv3 -mfloat-abi=hard -I../../pacman_bsp/ps7_cortexa9_0/include -MMD -MP -MF"src/sources/io_devices.d" -MT"src/sources/io_devices.o" -o "src/sources/io_devices.o" "../src/sources/io_devices.c"
In file included from ../src/sources/../headers/movement.h:12:0,
                 from ../src/sources/../headers/io_devices.h:15,
                 from ../src/sources/io_devices.c:9:
../src/sources/../headers/types.h:28:0: warning: "FALSE" redefined
 #define FALSE 0
 
In file included from ../../pacman_bsp/ps7_cortexa9_0/include/xadcps.h:195:0,
                 from ../src/sources/../headers/io_devices.h:13,
                 from ../src/sources/io_devices.c:9:
../../pacman_bsp/ps7_cortexa9_0/include/xil_types.h:69:0: note: this is the location of the previous definition
 #  define FALSE  0U
 
In file included from ../src/sources/../headers/movement.h:12:0,
                 from ../src/sources/../headers/io_devices.h:15,
                 from ../src/sources/io_devices.c:9:
../src/sources/../headers/types.h:29:0: warning: "TRUE" redefined
 #define TRUE 1
 
In file included from ../../pacman_bsp/ps7_cortexa9_0/include/xadcps.h:195:0,
                 from ../src/sources/../headers/io_devices.h:13,
                 from ../src/sources/io_devices.c:9:
../../pacman_bsp/ps7_cortexa9_0/include/xil_types.h:65:0: note: this is the location of the previous definition
 #  define TRUE  1U
 
Finished building: ../src/sources/io_devices.c
 
Building target: pacman.elf
Invoking: ARM v7 gcc linker
arm-none-eabi-gcc -mcpu=cortex-a9 -mfpu=vfpv3 -mfloat-abi=hard -Wl,-build-id=none -specs=Xilinx.spec -Wl,-T -Wl,../src/lscript.ld -L../../pacman_bsp/ps7_cortexa9_0/lib -o "pacman.elf"  ./src/sources/entity.o ./src/sources/food.o ./src/sources/game.o ./src/sources/io_devices.o ./src/sources/led_matrix.o ./src/sources/movement.o ./src/sources/pacman.o ./src/sources/score.o ./src/sources/world.o  ./src/main.o ./src/platform.o   -Wl,--start-group,-lxil,-lgcc,-lc,--end-group
Finished building target: pacman.elf
 
Invoking: ARM v7 Print Size
arm-none-eabi-size pacman.elf  |tee "pacman.elf.size"
   text	   data	    bss	    dec	    hex	filename
  89980	   2844	  24336	 117160	  1c9a8	pacman.elf
Finished building: pacman.elf.size
 
19:26:50 **** Auto Build of configuration Debug for project pacman ****
make pre-build main-build 
a9-linaro-pre-build-step
 
Building file: ../src/sources/io_devices.c
Invoking: ARM v7 gcc compiler
arm-none-eabi-gcc -Wall -O0 -g3 -c -fmessage-length=0 -MT"src/sources/io_devices.o" -mcpu=cortex-a9 -mfpu=vfpv3 -mfloat-abi=hard -I../../pacman_bsp/ps7_cortexa9_0/include -MMD -MP -MF"src/sources/io_devices.d" -MT"src/sources/io_devices.o" -o "src/sources/io_devices.o" "../src/sources/io_devices.c"
In file included from ../src/sources/../headers/movement.h:12:0,
                 from ../src/sources/../headers/io_devices.h:15,
                 from ../src/sources/io_devices.c:9:
../src/sources/../headers/types.h:28:0: warning: "FALSE" redefined
 #define FALSE 0
 
In file included from ../../pacman_bsp/ps7_cortexa9_0/include/xadcps.h:195:0,
                 from ../src/sources/../headers/io_devices.h:13,
                 from ../src/sources/io_devices.c:9:
../../pacman_bsp/ps7_cortexa9_0/include/xil_types.h:69:0: note: this is the location of the previous definition
 #  define FALSE  0U
 
In file included from ../src/sources/../headers/movement.h:12:0,
                 from ../src/sources/../headers/io_devices.h:15,
                 from ../src/sources/io_devices.c:9:
../src/sources/../headers/types.h:29:0: warning: "TRUE" redefined
 #define TRUE 1
 
In file included from ../../pacman_bsp/ps7_cortexa9_0/include/xadcps.h:195:0,
                 from ../src/sources/../headers/io_devices.h:13,
                 from ../src/sources/io_devices.c:9:
../../pacman_bsp/ps7_cortexa9_0/include/xil_types.h:65:0: note: this is the location of the previous definition
 #  define TRUE  1U
 
Finished building: ../src/sources/io_devices.c
 
Building target: pacman.elf
Invoking: ARM v7 gcc linker
arm-none-eabi-gcc -mcpu=cortex-a9 -mfpu=vfpv3 -mfloat-abi=hard -Wl,-build-id=none -specs=Xilinx.spec -Wl,-T -Wl,../src/lscript.ld -L../../pacman_bsp/ps7_cortexa9_0/lib -o "pacman.elf"  ./src/sources/entity.o ./src/sources/food.o ./src/sources/game.o ./src/sources/io_devices.o ./src/sources/led_matrix.o ./src/sources/movement.o ./src/sources/pacman.o ./src/sources/score.o ./src/sources/world.o  ./src/main.o ./src/platform.o   -Wl,--start-group,-lxil,-lgcc,-lc,--end-group
Finished building target: pacman.elf
 
Invoking: ARM v7 Print Size
arm-none-eabi-size pacman.elf  |tee "pacman.elf.size"
   text	   data	    bss	    dec	    hex	filename
  89980	   2844	  24336	 117160	  1c9a8	pacman.elf
Finished building: pacman.elf.size
 
19:27:23 **** Auto Build of configuration Debug for project pacman ****
make pre-build main-build 
a9-linaro-pre-build-step
 
Building file: ../src/sources/io_devices.c
Invoking: ARM v7 gcc compiler
arm-none-eabi-gcc -Wall -O0 -g3 -c -fmessage-length=0 -MT"src/sources/io_devices.o" -mcpu=cortex-a9 -mfpu=vfpv3 -mfloat-abi=hard -I../../pacman_bsp/ps7_cortexa9_0/include -MMD -MP -MF"src/sources/io_devices.d" -MT"src/sources/io_devices.o" -o "src/sources/io_devices.o" "../src/sources/io_devices.c"
In file included from ../src/sources/../headers/movement.h:12:0,
                 from ../src/sources/../headers/io_devices.h:15,
                 from ../src/sources/io_devices.c:9:
../src/sources/../headers/types.h:28:0: warning: "FALSE" redefined
 #define FALSE 0
 
In file included from ../../pacman_bsp/ps7_cortexa9_0/include/xadcps.h:195:0,
                 from ../src/sources/../headers/io_devices.h:13,
                 from ../src/sources/io_devices.c:9:
../../pacman_bsp/ps7_cortexa9_0/include/xil_types.h:69:0: note: this is the location of the previous definition
 #  define FALSE  0U
 
In file included from ../src/sources/../headers/movement.h:12:0,
                 from ../src/sources/../headers/io_devices.h:15,
                 from ../src/sources/io_devices.c:9:
../src/sources/../headers/types.h:29:0: warning: "TRUE" redefined
 #define TRUE 1
 
In file included from ../../pacman_bsp/ps7_cortexa9_0/include/xadcps.h:195:0,
                 from ../src/sources/../headers/io_devices.h:13,
                 from ../src/sources/io_devices.c:9:
../../pacman_bsp/ps7_cortexa9_0/include/xil_types.h:65:0: note: this is the location of the previous definition
 #  define TRUE  1U
 
Finished building: ../src/sources/io_devices.c
 
Building file: ../src/sources/movement.c
Invoking: ARM v7 gcc compiler
arm-none-eabi-gcc -Wall -O0 -g3 -c -fmessage-length=0 -MT"src/sources/movement.o" -mcpu=cortex-a9 -mfpu=vfpv3 -mfloat-abi=hard -I../../pacman_bsp/ps7_cortexa9_0/include -MMD -MP -MF"src/sources/movement.d" -MT"src/sources/movement.o" -o "src/sources/movement.o" "../src/sources/movement.c"
../src/sources/movement.c: In function 'getMovement':
../src/sources/movement.c:22:27: warning: implicit declaration of function 'abs' [-Wimplicit-function-declaration]
  if(y < -MIN_VALUE && y < abs(x)){
                           ^~~
Finished building: ../src/sources/movement.c
 
Building file: ../src/sources/pacman.c
Invoking: ARM v7 gcc compiler
arm-none-eabi-gcc -Wall -O0 -g3 -c -fmessage-length=0 -MT"src/sources/pacman.o" -mcpu=cortex-a9 -mfpu=vfpv3 -mfloat-abi=hard -I../../pacman_bsp/ps7_cortexa9_0/include -MMD -MP -MF"src/sources/pacman.d" -MT"src/sources/pacman.o" -o "src/sources/pacman.o" "../src/sources/pacman.c"
In file included from ../src/sources/../headers/pacman.h:13:0,
                 from ../src/sources/pacman.c:8:
../src/sources/../headers/world.h:51:11: warning: 'gameOver' defined but not used [-Wunused-variable]
 static u8 gameOver[WIDTH][HEIGHT] = {
           ^~~~~~~~
In file included from ../src/sources/../headers/world.h:16:0,
                 from ../src/sources/../headers/pacman.h:13,
                 from ../src/sources/pacman.c:8:
../src/sources/../headers/led_matrix.h:23:11: warning: 'matrix' defined but not used [-Wunused-variable]
 static u8 matrix[WIDTH][HEIGHT][COLOR_COUNT];
           ^~~~~~
In file included from ../src/sources/../headers/entity.h:18:0,
                 from ../src/sources/../headers/pacman.h:12,
                 from ../src/sources/pacman.c:8:
../src/sources/../headers/score.h:19:12: warning: 'highscore' defined but not used [-Wunused-variable]
 static u16 highscore = 0;
            ^~~~~~~~~
../src/sources/../headers/score.h:18:12: warning: 'score' defined but not used [-Wunused-variable]
 static u16 score = 0;
            ^~~~~
Finished building: ../src/sources/pacman.c
 
Building file: ../src/main.c
Invoking: ARM v7 gcc compiler
arm-none-eabi-gcc -Wall -O0 -g3 -c -fmessage-length=0 -MT"src/main.o" -mcpu=cortex-a9 -mfpu=vfpv3 -mfloat-abi=hard -I../../pacman_bsp/ps7_cortexa9_0/include -MMD -MP -MF"src/main.d" -MT"src/main.o" -o "src/main.o" "../src/main.c"
In file included from ../src/headers/movement.h:12:0,
                 from ../src/headers/io_devices.h:15,
                 from ../src/main.c:12:
../src/headers/types.h:28:0: warning: "FALSE" redefined
 #define FALSE 0
 
In file included from ../../pacman_bsp/ps7_cortexa9_0/include/xil_io.h:64:0,
                 from ../src/main.c:10:
../../pacman_bsp/ps7_cortexa9_0/include/xil_types.h:69:0: note: this is the location of the previous definition
 #  define FALSE  0U
 
In file included from ../src/headers/movement.h:12:0,
                 from ../src/headers/io_devices.h:15,
                 from ../src/main.c:12:
../src/headers/types.h:29:0: warning: "TRUE" redefined
 #define TRUE 1
 
In file included from ../../pacman_bsp/ps7_cortexa9_0/include/xil_io.h:64:0,
                 from ../src/main.c:10:
../../pacman_bsp/ps7_cortexa9_0/include/xil_types.h:65:0: note: this is the location of the previous definition
 #  define TRUE  1U
 
In file included from ../src/headers/pacman.h:13:0,
                 from ../src/main.c:13:
../src/headers/world.h:51:11: warning: 'gameOver' defined but not used [-Wunused-variable]
 static u8 gameOver[WIDTH][HEIGHT] = {
           ^~~~~~~~
In file included from ../src/headers/world.h:16:0,
                 from ../src/headers/pacman.h:13,
                 from ../src/main.c:13:
../src/headers/led_matrix.h:23:11: warning: 'matrix' defined but not used [-Wunused-variable]
 static u8 matrix[WIDTH][HEIGHT][COLOR_COUNT];
           ^~~~~~
In file included from ../src/headers/entity.h:18:0,
                 from ../src/headers/pacman.h:12,
                 from ../src/main.c:13:
../src/headers/score.h:19:12: warning: 'highscore' defined but not used [-Wunused-variable]
 static u16 highscore = 0;
            ^~~~~~~~~
../src/headers/score.h:18:12: warning: 'score' defined but not used [-Wunused-variable]
 static u16 score = 0;
            ^~~~~
Finished building: ../src/main.c
 
Building target: pacman.elf
Invoking: ARM v7 gcc linker
arm-none-eabi-gcc -mcpu=cortex-a9 -mfpu=vfpv3 -mfloat-abi=hard -Wl,-build-id=none -specs=Xilinx.spec -Wl,-T -Wl,../src/lscript.ld -L../../pacman_bsp/ps7_cortexa9_0/lib -o "pacman.elf"  ./src/sources/entity.o ./src/sources/food.o ./src/sources/game.o ./src/sources/io_devices.o ./src/sources/led_matrix.o ./src/sources/movement.o ./src/sources/pacman.o ./src/sources/score.o ./src/sources/world.o  ./src/main.o ./src/platform.o   -Wl,--start-group,-lxil,-lgcc,-lc,--end-group
Finished building target: pacman.elf
 
Invoking: ARM v7 Print Size
arm-none-eabi-size pacman.elf  |tee "pacman.elf.size"
   text	   data	    bss	    dec	    hex	filename
  89980	   2844	  24336	 117160	  1c9a8	pacman.elf
Finished building: pacman.elf.size
 
19:27:32 **** Auto Build of configuration Debug for project pacman ****
make pre-build main-build 
a9-linaro-pre-build-step
 
Building file: ../src/sources/movement.c
Invoking: ARM v7 gcc compiler
arm-none-eabi-gcc -Wall -O0 -g3 -c -fmessage-length=0 -MT"src/sources/movement.o" -mcpu=cortex-a9 -mfpu=vfpv3 -mfloat-abi=hard -I../../pacman_bsp/ps7_cortexa9_0/include -MMD -MP -MF"src/sources/movement.d" -MT"src/sources/movement.o" -o "src/sources/movement.o" "../src/sources/movement.c"
../src/sources/movement.c: In function 'getMovement':
../src/sources/movement.c:22:27: warning: implicit declaration of function 'abs' [-Wimplicit-function-declaration]
  if(y < -MIN_VALUE && y < abs(x)){
                           ^~~
Finished building: ../src/sources/movement.c
 
Building target: pacman.elf
Invoking: ARM v7 gcc linker
arm-none-eabi-gcc -mcpu=cortex-a9 -mfpu=vfpv3 -mfloat-abi=hard -Wl,-build-id=none -specs=Xilinx.spec -Wl,-T -Wl,../src/lscript.ld -L../../pacman_bsp/ps7_cortexa9_0/lib -o "pacman.elf"  ./src/sources/entity.o ./src/sources/food.o ./src/sources/game.o ./src/sources/io_devices.o ./src/sources/led_matrix.o ./src/sources/movement.o ./src/sources/pacman.o ./src/sources/score.o ./src/sources/world.o  ./src/main.o ./src/platform.o   -Wl,--start-group,-lxil,-lgcc,-lc,--end-group
Finished building target: pacman.elf
 
Invoking: ARM v7 Print Size
arm-none-eabi-size pacman.elf  |tee "pacman.elf.size"
   text	   data	    bss	    dec	    hex	filename
  89916	   2844	  24336	 117096	  1c968	pacman.elf
Finished building: pacman.elf.size
 
19:27:47 **** Auto Build of configuration Debug for project pacman ****
make pre-build main-build 
a9-linaro-pre-build-step
 
Building file: ../src/sources/io_devices.c
Invoking: ARM v7 gcc compiler
arm-none-eabi-gcc -Wall -O0 -g3 -c -fmessage-length=0 -MT"src/sources/io_devices.o" -mcpu=cortex-a9 -mfpu=vfpv3 -mfloat-abi=hard -I../../pacman_bsp/ps7_cortexa9_0/include -MMD -MP -MF"src/sources/io_devices.d" -MT"src/sources/io_devices.o" -o "src/sources/io_devices.o" "../src/sources/io_devices.c"
In file included from ../src/sources/../headers/movement.h:12:0,
                 from ../src/sources/../headers/io_devices.h:15,
                 from ../src/sources/io_devices.c:9:
../src/sources/../headers/types.h:28:0: warning: "FALSE" redefined
 #define FALSE 0
 
In file included from ../../pacman_bsp/ps7_cortexa9_0/include/xadcps.h:195:0,
                 from ../src/sources/../headers/io_devices.h:13,
                 from ../src/sources/io_devices.c:9:
../../pacman_bsp/ps7_cortexa9_0/include/xil_types.h:69:0: note: this is the location of the previous definition
 #  define FALSE  0U
 
In file included from ../src/sources/../headers/movement.h:12:0,
                 from ../src/sources/../headers/io_devices.h:15,
                 from ../src/sources/io_devices.c:9:
../src/sources/../headers/types.h:29:0: warning: "TRUE" redefined
 #define TRUE 1
 
In file included from ../../pacman_bsp/ps7_cortexa9_0/include/xadcps.h:195:0,
                 from ../src/sources/../headers/io_devices.h:13,
                 from ../src/sources/io_devices.c:9:
../../pacman_bsp/ps7_cortexa9_0/include/xil_types.h:65:0: note: this is the location of the previous definition
 #  define TRUE  1U
 
Finished building: ../src/sources/io_devices.c
 
Building target: pacman.elf
Invoking: ARM v7 gcc linker
arm-none-eabi-gcc -mcpu=cortex-a9 -mfpu=vfpv3 -mfloat-abi=hard -Wl,-build-id=none -specs=Xilinx.spec -Wl,-T -Wl,../src/lscript.ld -L../../pacman_bsp/ps7_cortexa9_0/lib -o "pacman.elf"  ./src/sources/entity.o ./src/sources/food.o ./src/sources/game.o ./src/sources/io_devices.o ./src/sources/led_matrix.o ./src/sources/movement.o ./src/sources/pacman.o ./src/sources/score.o ./src/sources/world.o  ./src/main.o ./src/platform.o   -Wl,--start-group,-lxil,-lgcc,-lc,--end-group
Finished building target: pacman.elf
 
Invoking: ARM v7 Print Size
arm-none-eabi-size pacman.elf  |tee "pacman.elf.size"
   text	   data	    bss	    dec	    hex	filename
  89980	   2844	  24336	 117160	  1c9a8	pacman.elf
Finished building: pacman.elf.size
 
19:28:00 **** Auto Build of configuration Debug for project pacman ****
make pre-build main-build 
a9-linaro-pre-build-step
 
Building file: ../src/sources/io_devices.c
Invoking: ARM v7 gcc compiler
arm-none-eabi-gcc -Wall -O0 -g3 -c -fmessage-length=0 -MT"src/sources/io_devices.o" -mcpu=cortex-a9 -mfpu=vfpv3 -mfloat-abi=hard -I../../pacman_bsp/ps7_cortexa9_0/include -MMD -MP -MF"src/sources/io_devices.d" -MT"src/sources/io_devices.o" -o "src/sources/io_devices.o" "../src/sources/io_devices.c"
In file included from ../src/sources/../headers/movement.h:12:0,
                 from ../src/sources/../headers/io_devices.h:15,
                 from ../src/sources/io_devices.c:9:
../src/sources/../headers/types.h:28:0: warning: "FALSE" redefined
 #define FALSE 0
 
In file included from ../../pacman_bsp/ps7_cortexa9_0/include/xadcps.h:195:0,
                 from ../src/sources/../headers/io_devices.h:13,
                 from ../src/sources/io_devices.c:9:
../../pacman_bsp/ps7_cortexa9_0/include/xil_types.h:69:0: note: this is the location of the previous definition
 #  define FALSE  0U
 
In file included from ../src/sources/../headers/movement.h:12:0,
                 from ../src/sources/../headers/io_devices.h:15,
                 from ../src/sources/io_devices.c:9:
../src/sources/../headers/types.h:29:0: warning: "TRUE" redefined
 #define TRUE 1
 
In file included from ../../pacman_bsp/ps7_cortexa9_0/include/xadcps.h:195:0,
                 from ../src/sources/../headers/io_devices.h:13,
                 from ../src/sources/io_devices.c:9:
../../pacman_bsp/ps7_cortexa9_0/include/xil_types.h:65:0: note: this is the location of the previous definition
 #  define TRUE  1U
 
Finished building: ../src/sources/io_devices.c
 
Building file: ../src/sources/movement.c
Invoking: ARM v7 gcc compiler
arm-none-eabi-gcc -Wall -O0 -g3 -c -fmessage-length=0 -MT"src/sources/movement.o" -mcpu=cortex-a9 -mfpu=vfpv3 -mfloat-abi=hard -I../../pacman_bsp/ps7_cortexa9_0/include -MMD -MP -MF"src/sources/movement.d" -MT"src/sources/movement.o" -o "src/sources/movement.o" "../src/sources/movement.c"
../src/sources/movement.c: In function 'getMovement':
../src/sources/movement.c:22:27: warning: implicit declaration of function 'abs' [-Wimplicit-function-declaration]
  if(y < -MIN_VALUE && y < abs(x)){
                           ^~~
Finished building: ../src/sources/movement.c
 
Building file: ../src/sources/pacman.c
Invoking: ARM v7 gcc compiler
arm-none-eabi-gcc -Wall -O0 -g3 -c -fmessage-length=0 -MT"src/sources/pacman.o" -mcpu=cortex-a9 -mfpu=vfpv3 -mfloat-abi=hard -I../../pacman_bsp/ps7_cortexa9_0/include -MMD -MP -MF"src/sources/pacman.d" -MT"src/sources/pacman.o" -o "src/sources/pacman.o" "../src/sources/pacman.c"
In file included from ../src/sources/../headers/pacman.h:13:0,
                 from ../src/sources/pacman.c:8:
../src/sources/../headers/world.h:51:11: warning: 'gameOver' defined but not used [-Wunused-variable]
 static u8 gameOver[WIDTH][HEIGHT] = {
           ^~~~~~~~
In file included from ../src/sources/../headers/world.h:16:0,
                 from ../src/sources/../headers/pacman.h:13,
                 from ../src/sources/pacman.c:8:
../src/sources/../headers/led_matrix.h:23:11: warning: 'matrix' defined but not used [-Wunused-variable]
 static u8 matrix[WIDTH][HEIGHT][COLOR_COUNT];
           ^~~~~~
In file included from ../src/sources/../headers/entity.h:18:0,
                 from ../src/sources/../headers/pacman.h:12,
                 from ../src/sources/pacman.c:8:
../src/sources/../headers/score.h:19:12: warning: 'highscore' defined but not used [-Wunused-variable]
 static u16 highscore = 0;
            ^~~~~~~~~
../src/sources/../headers/score.h:18:12: warning: 'score' defined but not used [-Wunused-variable]
 static u16 score = 0;
            ^~~~~
Finished building: ../src/sources/pacman.c
 
Building file: ../src/main.c
Invoking: ARM v7 gcc compiler
arm-none-eabi-gcc -Wall -O0 -g3 -c -fmessage-length=0 -MT"src/main.o" -mcpu=cortex-a9 -mfpu=vfpv3 -mfloat-abi=hard -I../../pacman_bsp/ps7_cortexa9_0/include -MMD -MP -MF"src/main.d" -MT"src/main.o" -o "src/main.o" "../src/main.c"
In file included from ../src/headers/movement.h:12:0,
                 from ../src/headers/io_devices.h:15,
                 from ../src/main.c:12:
../src/headers/types.h:28:0: warning: "FALSE" redefined
 #define FALSE 0
 
In file included from ../../pacman_bsp/ps7_cortexa9_0/include/xil_io.h:64:0,
                 from ../src/main.c:10:
../../pacman_bsp/ps7_cortexa9_0/include/xil_types.h:69:0: note: this is the location of the previous definition
 #  define FALSE  0U
 
In file included from ../src/headers/movement.h:12:0,
                 from ../src/headers/io_devices.h:15,
                 from ../src/main.c:12:
../src/headers/types.h:29:0: warning: "TRUE" redefined
 #define TRUE 1
 
In file included from ../../pacman_bsp/ps7_cortexa9_0/include/xil_io.h:64:0,
                 from ../src/main.c:10:
../../pacman_bsp/ps7_cortexa9_0/include/xil_types.h:65:0: note: this is the location of the previous definition
 #  define TRUE  1U
 
In file included from ../src/headers/pacman.h:13:0,
                 from ../src/main.c:13:
../src/headers/world.h:51:11: warning: 'gameOver' defined but not used [-Wunused-variable]
 static u8 gameOver[WIDTH][HEIGHT] = {
           ^~~~~~~~
In file included from ../src/headers/world.h:16:0,
                 from ../src/headers/pacman.h:13,
                 from ../src/main.c:13:
../src/headers/led_matrix.h:23:11: warning: 'matrix' defined but not used [-Wunused-variable]
 static u8 matrix[WIDTH][HEIGHT][COLOR_COUNT];
           ^~~~~~
In file included from ../src/headers/entity.h:18:0,
                 from ../src/headers/pacman.h:12,
                 from ../src/main.c:13:
../src/headers/score.h:19:12: warning: 'highscore' defined but not used [-Wunused-variable]
 static u16 highscore = 0;
            ^~~~~~~~~
../src/headers/score.h:18:12: warning: 'score' defined but not used [-Wunused-variable]
 static u16 score = 0;
            ^~~~~
Finished building: ../src/main.c
 
Building target: pacman.elf
Invoking: ARM v7 gcc linker
arm-none-eabi-gcc -mcpu=cortex-a9 -mfpu=vfpv3 -mfloat-abi=hard -Wl,-build-id=none -specs=Xilinx.spec -Wl,-T -Wl,../src/lscript.ld -L../../pacman_bsp/ps7_cortexa9_0/lib -o "pacman.elf"  ./src/sources/entity.o ./src/sources/food.o ./src/sources/game.o ./src/sources/io_devices.o ./src/sources/led_matrix.o ./src/sources/movement.o ./src/sources/pacman.o ./src/sources/score.o ./src/sources/world.o  ./src/main.o ./src/platform.o   -Wl,--start-group,-lxil,-lgcc,-lc,--end-group
./src/sources/movement.o:/home/jacoboffersen/Repos/EmbeddedProject/embedded.sdk/pacman/Debug/../src/sources/../headers/io_devices.h:32: multiple definition of `offsetX'
makefile:40: recipe for target 'pacman.elf' failed
./src/sources/io_devices.o:/home/jacoboffersen/Repos/EmbeddedProject/embedded.sdk/pacman/Debug/../src/sources/../headers/io_devices.h:32: first defined here
./src/sources/movement.o:/home/jacoboffersen/Repos/EmbeddedProject/embedded.sdk/pacman/Debug/../src/sources/../headers/io_devices.h:33: multiple definition of `offsetY'
./src/sources/io_devices.o:/home/jacoboffersen/Repos/EmbeddedProject/embedded.sdk/pacman/Debug/../src/sources/../headers/io_devices.h:33: first defined here
./src/sources/pacman.o: In function `matrix':
/home/jacoboffersen/Repos/EmbeddedProject/embedded.sdk/pacman/Debug/../src/sources/../headers/io_devices.h:32: multiple definition of `offsetX'
./src/sources/io_devices.o:/home/jacoboffersen/Repos/EmbeddedProject/embedded.sdk/pacman/Debug/../src/sources/../headers/io_devices.h:32: first defined here
./src/sources/pacman.o: In function `matrix':
/home/jacoboffersen/Repos/EmbeddedProject/embedded.sdk/pacman/Debug/../src/sources/../headers/io_devices.h:33: multiple definition of `offsetY'
./src/sources/io_devices.o:/home/jacoboffersen/Repos/EmbeddedProject/embedded.sdk/pacman/Debug/../src/sources/../headers/io_devices.h:33: first defined here
./src/main.o:/home/jacoboffersen/Repos/EmbeddedProject/embedded.sdk/pacman/Debug/../src/headers/io_devices.h:32: multiple definition of `offsetX'
./src/sources/io_devices.o:/home/jacoboffersen/Repos/EmbeddedProject/embedded.sdk/pacman/Debug/../src/sources/../headers/io_devices.h:32: first defined here
./src/main.o:/home/jacoboffersen/Repos/EmbeddedProject/embedded.sdk/pacman/Debug/../src/headers/io_devices.h:33: multiple definition of `offsetY'
./src/sources/io_devices.o:/home/jacoboffersen/Repos/EmbeddedProject/embedded.sdk/pacman/Debug/../src/sources/../headers/io_devices.h:33: first defined here
collect2: error: ld returned 1 exit status
make: *** [pacman.elf] Error 1
19:28:20 **** Auto Build of configuration Debug for project pacman ****
make pre-build main-build 
a9-linaro-pre-build-step
 
Building file: ../src/sources/io_devices.c
Invoking: ARM v7 gcc compiler
arm-none-eabi-gcc -Wall -O0 -g3 -c -fmessage-length=0 -MT"src/sources/io_devices.o" -mcpu=cortex-a9 -mfpu=vfpv3 -mfloat-abi=hard -I../../pacman_bsp/ps7_cortexa9_0/include -MMD -MP -MF"src/sources/io_devices.d" -MT"src/sources/io_devices.o" -o "src/sources/io_devices.o" "../src/sources/io_devices.c"
In file included from ../src/sources/../headers/movement.h:12:0,
                 from ../src/sources/../headers/io_devices.h:15,
                 from ../src/sources/io_devices.c:9:
../src/sources/../headers/types.h:28:0: warning: "FALSE" redefined
 #define FALSE 0
 
In file included from ../../pacman_bsp/ps7_cortexa9_0/include/xadcps.h:195:0,
                 from ../src/sources/../headers/io_devices.h:13,
                 from ../src/sources/io_devices.c:9:
../../pacman_bsp/ps7_cortexa9_0/include/xil_types.h:69:0: note: this is the location of the previous definition
 #  define FALSE  0U
 
In file included from ../src/sources/../headers/movement.h:12:0,
                 from ../src/sources/../headers/io_devices.h:15,
                 from ../src/sources/io_devices.c:9:
../src/sources/../headers/types.h:29:0: warning: "TRUE" redefined
 #define TRUE 1
 
In file included from ../../pacman_bsp/ps7_cortexa9_0/include/xadcps.h:195:0,
                 from ../src/sources/../headers/io_devices.h:13,
                 from ../src/sources/io_devices.c:9:
../../pacman_bsp/ps7_cortexa9_0/include/xil_types.h:65:0: note: this is the location of the previous definition
 #  define TRUE  1U
 
Finished building: ../src/sources/io_devices.c
 
Building file: ../src/sources/movement.c
Invoking: ARM v7 gcc compiler
arm-none-eabi-gcc -Wall -O0 -g3 -c -fmessage-length=0 -MT"src/sources/movement.o" -mcpu=cortex-a9 -mfpu=vfpv3 -mfloat-abi=hard -I../../pacman_bsp/ps7_cortexa9_0/include -MMD -MP -MF"src/sources/movement.d" -MT"src/sources/movement.o" -o "src/sources/movement.o" "../src/sources/movement.c"
../src/sources/movement.c: In function 'getMovement':
../src/sources/movement.c:22:27: warning: implicit declaration of function 'abs' [-Wimplicit-function-declaration]
  if(y < -MIN_VALUE && y < abs(x)){
                           ^~~
Finished building: ../src/sources/movement.c
 
Building file: ../src/sources/pacman.c
Invoking: ARM v7 gcc compiler
arm-none-eabi-gcc -Wall -O0 -g3 -c -fmessage-length=0 -MT"src/sources/pacman.o" -mcpu=cortex-a9 -mfpu=vfpv3 -mfloat-abi=hard -I../../pacman_bsp/ps7_cortexa9_0/include -MMD -MP -MF"src/sources/pacman.d" -MT"src/sources/pacman.o" -o "src/sources/pacman.o" "../src/sources/pacman.c"
In file included from ../src/sources/../headers/pacman.h:13:0,
                 from ../src/sources/pacman.c:8:
../src/sources/../headers/world.h:51:11: warning: 'gameOver' defined but not used [-Wunused-variable]
 static u8 gameOver[WIDTH][HEIGHT] = {
           ^~~~~~~~
In file included from ../src/sources/../headers/world.h:16:0,
                 from ../src/sources/../headers/pacman.h:13,
                 from ../src/sources/pacman.c:8:
../src/sources/../headers/led_matrix.h:23:11: warning: 'matrix' defined but not used [-Wunused-variable]
 static u8 matrix[WIDTH][HEIGHT][COLOR_COUNT];
           ^~~~~~
In file included from ../src/sources/../headers/entity.h:18:0,
                 from ../src/sources/../headers/pacman.h:12,
                 from ../src/sources/pacman.c:8:
../src/sources/../headers/score.h:19:12: warning: 'highscore' defined but not used [-Wunused-variable]
 static u16 highscore = 0;
            ^~~~~~~~~
../src/sources/../headers/score.h:18:12: warning: 'score' defined but not used [-Wunused-variable]
 static u16 score = 0;
            ^~~~~
Finished building: ../src/sources/pacman.c
 
Building file: ../src/main.c
Invoking: ARM v7 gcc compiler
arm-none-eabi-gcc -Wall -O0 -g3 -c -fmessage-length=0 -MT"src/main.o" -mcpu=cortex-a9 -mfpu=vfpv3 -mfloat-abi=hard -I../../pacman_bsp/ps7_cortexa9_0/include -MMD -MP -MF"src/main.d" -MT"src/main.o" -o "src/main.o" "../src/main.c"
In file included from ../src/headers/movement.h:12:0,
                 from ../src/headers/io_devices.h:15,
                 from ../src/main.c:12:
../src/headers/types.h:28:0: warning: "FALSE" redefined
 #define FALSE 0
 
In file included from ../../pacman_bsp/ps7_cortexa9_0/include/xil_io.h:64:0,
                 from ../src/main.c:10:
../../pacman_bsp/ps7_cortexa9_0/include/xil_types.h:69:0: note: this is the location of the previous definition
 #  define FALSE  0U
 
In file included from ../src/headers/movement.h:12:0,
                 from ../src/headers/io_devices.h:15,
                 from ../src/main.c:12:
../src/headers/types.h:29:0: warning: "TRUE" redefined
 #define TRUE 1
 
In file included from ../../pacman_bsp/ps7_cortexa9_0/include/xil_io.h:64:0,
                 from ../src/main.c:10:
../../pacman_bsp/ps7_cortexa9_0/include/xil_types.h:65:0: note: this is the location of the previous definition
 #  define TRUE  1U
 
In file included from ../src/headers/pacman.h:13:0,
                 from ../src/main.c:13:
../src/headers/world.h:51:11: warning: 'gameOver' defined but not used [-Wunused-variable]
 static u8 gameOver[WIDTH][HEIGHT] = {
           ^~~~~~~~
In file included from ../src/headers/world.h:16:0,
                 from ../src/headers/pacman.h:13,
                 from ../src/main.c:13:
../src/headers/led_matrix.h:23:11: warning: 'matrix' defined but not used [-Wunused-variable]
 static u8 matrix[WIDTH][HEIGHT][COLOR_COUNT];
           ^~~~~~
In file included from ../src/headers/entity.h:18:0,
                 from ../src/headers/pacman.h:12,
                 from ../src/main.c:13:
../src/headers/score.h:19:12: warning: 'highscore' defined but not used [-Wunused-variable]
 static u16 highscore = 0;
            ^~~~~~~~~
../src/headers/score.h:18:12: warning: 'score' defined but not used [-Wunused-variable]
 static u16 score = 0;
            ^~~~~
Finished building: ../src/main.c
 
Building target: pacman.elf
Invoking: ARM v7 gcc linker
arm-none-eabi-gcc -mcpu=cortex-a9 -mfpu=vfpv3 -mfloat-abi=hard -Wl,-build-id=none -specs=Xilinx.spec -Wl,-T -Wl,../src/lscript.ld -L../../pacman_bsp/ps7_cortexa9_0/lib -o "pacman.elf"  ./src/sources/entity.o ./src/sources/food.o ./src/sources/game.o ./src/sources/io_devices.o ./src/sources/led_matrix.o ./src/sources/movement.o ./src/sources/pacman.o ./src/sources/score.o ./src/sources/world.o  ./src/main.o ./src/platform.o   -Wl,--start-group,-lxil,-lgcc,-lc,--end-group
Finished building target: pacman.elf
 
Invoking: ARM v7 Print Size
arm-none-eabi-size pacman.elf  |tee "pacman.elf.size"
   text	   data	    bss	    dec	    hex	filename
  89980	   2844	  24336	 117160	  1c9a8	pacman.elf
Finished building: pacman.elf.size
 
19:28:23 **** Incremental Build of configuration Debug for project pacman ****
make pre-build main-build 
a9-linaro-pre-build-step
 
make: Nothing to be done for 'main-build'.
19:28:35 **** Auto Build of configuration Debug for project pacman ****
make pre-build main-build 
a9-linaro-pre-build-step
 
Building file: ../src/sources/io_devices.c
Invoking: ARM v7 gcc compiler
arm-none-eabi-gcc -Wall -O0 -g3 -c -fmessage-length=0 -MT"src/sources/io_devices.o" -mcpu=cortex-a9 -mfpu=vfpv3 -mfloat-abi=hard -I../../pacman_bsp/ps7_cortexa9_0/include -MMD -MP -MF"src/sources/io_devices.d" -MT"src/sources/io_devices.o" -o "src/sources/io_devices.o" "../src/sources/io_devices.c"
In file included from ../src/sources/../headers/movement.h:12:0,
                 from ../src/sources/../headers/io_devices.h:15,
                 from ../src/sources/io_devices.c:9:
../src/sources/../headers/types.h:28:0: warning: "FALSE" redefined
 #define FALSE 0
 
In file included from ../../pacman_bsp/ps7_cortexa9_0/include/xadcps.h:195:0,
                 from ../src/sources/../headers/io_devices.h:13,
                 from ../src/sources/io_devices.c:9:
../../pacman_bsp/ps7_cortexa9_0/include/xil_types.h:69:0: note: this is the location of the previous definition
 #  define FALSE  0U
 
In file included from ../src/sources/../headers/movement.h:12:0,
                 from ../src/sources/../headers/io_devices.h:15,
                 from ../src/sources/io_devices.c:9:
../src/sources/../headers/types.h:29:0: warning: "TRUE" redefined
 #define TRUE 1
 
In file included from ../../pacman_bsp/ps7_cortexa9_0/include/xadcps.h:195:0,
                 from ../src/sources/../headers/io_devices.h:13,
                 from ../src/sources/io_devices.c:9:
../../pacman_bsp/ps7_cortexa9_0/include/xil_types.h:65:0: note: this is the location of the previous definition
 #  define TRUE  1U
 
Finished building: ../src/sources/io_devices.c
 
Building file: ../src/sources/movement.c
Invoking: ARM v7 gcc compiler
arm-none-eabi-gcc -Wall -O0 -g3 -c -fmessage-length=0 -MT"src/sources/movement.o" -mcpu=cortex-a9 -mfpu=vfpv3 -mfloat-abi=hard -I../../pacman_bsp/ps7_cortexa9_0/include -MMD -MP -MF"src/sources/movement.d" -MT"src/sources/movement.o" -o "src/sources/movement.o" "../src/sources/movement.c"
../src/sources/movement.c: In function 'getMovement':
../src/sources/movement.c:22:27: warning: implicit declaration of function 'abs' [-Wimplicit-function-declaration]
  if(y < -MIN_VALUE && y < abs(x)){
                           ^~~
In file included from ../src/sources/../headers/movement.h:14:0,
                 from ../src/sources/movement.c:9:
At top level:
../src/sources/../headers/io_devices.h:33:12: warning: 'offsetY' defined but not used [-Wunused-variable]
 static u16 offsetY;
            ^~~~~~~
../src/sources/../headers/io_devices.h:32:12: warning: 'offsetX' defined but not used [-Wunused-variable]
 static u16 offsetX;
            ^~~~~~~
Finished building: ../src/sources/movement.c
 
Building file: ../src/sources/pacman.c
Invoking: ARM v7 gcc compiler
arm-none-eabi-gcc -Wall -O0 -g3 -c -fmessage-length=0 -MT"src/sources/pacman.o" -mcpu=cortex-a9 -mfpu=vfpv3 -mfloat-abi=hard -I../../pacman_bsp/ps7_cortexa9_0/include -MMD -MP -MF"src/sources/pacman.d" -MT"src/sources/pacman.o" -o "src/sources/pacman.o" "../src/sources/pacman.c"
In file included from ../src/sources/../headers/movement.h:14:0,
                 from ../src/sources/../headers/pacman.h:18,
                 from ../src/sources/pacman.c:8:
../src/sources/../headers/io_devices.h:33:12: warning: 'offsetY' defined but not used [-Wunused-variable]
 static u16 offsetY;
            ^~~~~~~
../src/sources/../headers/io_devices.h:32:12: warning: 'offsetX' defined but not used [-Wunused-variable]
 static u16 offsetX;
            ^~~~~~~
In file included from ../src/sources/../headers/pacman.h:13:0,
                 from ../src/sources/pacman.c:8:
../src/sources/../headers/world.h:51:11: warning: 'gameOver' defined but not used [-Wunused-variable]
 static u8 gameOver[WIDTH][HEIGHT] = {
           ^~~~~~~~
In file included from ../src/sources/../headers/world.h:16:0,
                 from ../src/sources/../headers/pacman.h:13,
                 from ../src/sources/pacman.c:8:
../src/sources/../headers/led_matrix.h:23:11: warning: 'matrix' defined but not used [-Wunused-variable]
 static u8 matrix[WIDTH][HEIGHT][COLOR_COUNT];
           ^~~~~~
In file included from ../src/sources/../headers/entity.h:18:0,
                 from ../src/sources/../headers/pacman.h:12,
                 from ../src/sources/pacman.c:8:
../src/sources/../headers/score.h:19:12: warning: 'highscore' defined but not used [-Wunused-variable]
 static u16 highscore = 0;
            ^~~~~~~~~
../src/sources/../headers/score.h:18:12: warning: 'score' defined but not used [-Wunused-variable]
 static u16 score = 0;
            ^~~~~
Finished building: ../src/sources/pacman.c
 
Building file: ../src/main.c
Invoking: ARM v7 gcc compiler
arm-none-eabi-gcc -Wall -O0 -g3 -c -fmessage-length=0 -MT"src/main.o" -mcpu=cortex-a9 -mfpu=vfpv3 -mfloat-abi=hard -I../../pacman_bsp/ps7_cortexa9_0/include -MMD -MP -MF"src/main.d" -MT"src/main.o" -o "src/main.o" "../src/main.c"
In file included from ../src/headers/movement.h:12:0,
                 from ../src/headers/io_devices.h:15,
                 from ../src/main.c:12:
../src/headers/types.h:28:0: warning: "FALSE" redefined
 #define FALSE 0
 
In file included from ../../pacman_bsp/ps7_cortexa9_0/include/xil_io.h:64:0,
                 from ../src/main.c:10:
../../pacman_bsp/ps7_cortexa9_0/include/xil_types.h:69:0: note: this is the location of the previous definition
 #  define FALSE  0U
 
In file included from ../src/headers/movement.h:12:0,
                 from ../src/headers/io_devices.h:15,
                 from ../src/main.c:12:
../src/headers/types.h:29:0: warning: "TRUE" redefined
 #define TRUE 1
 
In file included from ../../pacman_bsp/ps7_cortexa9_0/include/xil_io.h:64:0,
                 from ../src/main.c:10:
../../pacman_bsp/ps7_cortexa9_0/include/xil_types.h:65:0: note: this is the location of the previous definition
 #  define TRUE  1U
 
In file included from ../src/headers/pacman.h:13:0,
                 from ../src/main.c:13:
../src/headers/world.h:51:11: warning: 'gameOver' defined but not used [-Wunused-variable]
 static u8 gameOver[WIDTH][HEIGHT] = {
           ^~~~~~~~
In file included from ../src/headers/world.h:16:0,
                 from ../src/headers/pacman.h:13,
                 from ../src/main.c:13:
../src/headers/led_matrix.h:23:11: warning: 'matrix' defined but not used [-Wunused-variable]
 static u8 matrix[WIDTH][HEIGHT][COLOR_COUNT];
           ^~~~~~
In file included from ../src/headers/entity.h:18:0,
                 from ../src/headers/pacman.h:12,
                 from ../src/main.c:13:
../src/headers/score.h:19:12: warning: 'highscore' defined but not used [-Wunused-variable]
 static u16 highscore = 0;
            ^~~~~~~~~
../src/headers/score.h:18:12: warning: 'score' defined but not used [-Wunused-variable]
 static u16 score = 0;
            ^~~~~
In file included from ../src/main.c:12:0:
../src/headers/io_devices.h:33:12: warning: 'offsetY' defined but not used [-Wunused-variable]
 static u16 offsetY;
            ^~~~~~~
../src/headers/io_devices.h:32:12: warning: 'offsetX' defined but not used [-Wunused-variable]
 static u16 offsetX;
            ^~~~~~~
Finished building: ../src/main.c
 
Building target: pacman.elf
Invoking: ARM v7 gcc linker
arm-none-eabi-gcc -mcpu=cortex-a9 -mfpu=vfpv3 -mfloat-abi=hard -Wl,-build-id=none -specs=Xilinx.spec -Wl,-T -Wl,../src/lscript.ld -L../../pacman_bsp/ps7_cortexa9_0/lib -o "pacman.elf"  ./src/sources/entity.o ./src/sources/food.o ./src/sources/game.o ./src/sources/io_devices.o ./src/sources/led_matrix.o ./src/sources/movement.o ./src/sources/pacman.o ./src/sources/score.o ./src/sources/world.o  ./src/main.o ./src/platform.o   -Wl,--start-group,-lxil,-lgcc,-lc,--end-group
Finished building target: pacman.elf
 
Invoking: ARM v7 Print Size
arm-none-eabi-size pacman.elf  |tee "pacman.elf.size"
   text	   data	    bss	    dec	    hex	filename
  89980	   2844	  24352	 117176	  1c9b8	pacman.elf
Finished building: pacman.elf.size
 
19:28:38 **** Incremental Build of configuration Debug for project pacman ****
make pre-build main-build 
a9-linaro-pre-build-step
 
make: Nothing to be done for 'main-build'.
19:29:19 **** Auto Build of configuration Debug for project pacman ****
make pre-build main-build 
a9-linaro-pre-build-step
 
Building file: ../src/sources/io_devices.c
Invoking: ARM v7 gcc compiler
arm-none-eabi-gcc -Wall -O0 -g3 -c -fmessage-length=0 -MT"src/sources/io_devices.o" -mcpu=cortex-a9 -mfpu=vfpv3 -mfloat-abi=hard -I../../pacman_bsp/ps7_cortexa9_0/include -MMD -MP -MF"src/sources/io_devices.d" -MT"src/sources/io_devices.o" -o "src/sources/io_devices.o" "../src/sources/io_devices.c"
In file included from ../src/sources/../headers/movement.h:12:0,
                 from ../src/sources/../headers/io_devices.h:15,
                 from ../src/sources/io_devices.c:9:
../src/sources/../headers/types.h:28:0: warning: "FALSE" redefined
 #define FALSE 0
 
In file included from ../../pacman_bsp/ps7_cortexa9_0/include/xadcps.h:195:0,
                 from ../src/sources/../headers/io_devices.h:13,
                 from ../src/sources/io_devices.c:9:
../../pacman_bsp/ps7_cortexa9_0/include/xil_types.h:69:0: note: this is the location of the previous definition
 #  define FALSE  0U
 
In file included from ../src/sources/../headers/movement.h:12:0,
                 from ../src/sources/../headers/io_devices.h:15,
                 from ../src/sources/io_devices.c:9:
../src/sources/../headers/types.h:29:0: warning: "TRUE" redefined
 #define TRUE 1
 
In file included from ../../pacman_bsp/ps7_cortexa9_0/include/xadcps.h:195:0,
                 from ../src/sources/../headers/io_devices.h:13,
                 from ../src/sources/io_devices.c:9:
../../pacman_bsp/ps7_cortexa9_0/include/xil_types.h:65:0: note: this is the location of the previous definition
 #  define TRUE  1U
 
Finished building: ../src/sources/io_devices.c
 
Building file: ../src/sources/movement.c
Invoking: ARM v7 gcc compiler
arm-none-eabi-gcc -Wall -O0 -g3 -c -fmessage-length=0 -MT"src/sources/movement.o" -mcpu=cortex-a9 -mfpu=vfpv3 -mfloat-abi=hard -I../../pacman_bsp/ps7_cortexa9_0/include -MMD -MP -MF"src/sources/movement.d" -MT"src/sources/movement.o" -o "src/sources/movement.o" "../src/sources/movement.c"
../src/sources/movement.c: In function 'getMovement':
../src/sources/movement.c:22:27: warning: implicit declaration of function 'abs' [-Wimplicit-function-declaration]
  if(y < -MIN_VALUE && y < abs(x)){
                           ^~~
In file included from ../src/sources/../headers/movement.h:14:0,
                 from ../src/sources/movement.c:9:
At top level:
../src/sources/../headers/io_devices.h:33:12: warning: 'offsetY' defined but not used [-Wunused-variable]
 static u16 offsetY;
            ^~~~~~~
../src/sources/../headers/io_devices.h:32:12: warning: 'offsetX' defined but not used [-Wunused-variable]
 static u16 offsetX;
            ^~~~~~~
Finished building: ../src/sources/movement.c
 
Building file: ../src/sources/pacman.c
Invoking: ARM v7 gcc compiler
arm-none-eabi-gcc -Wall -O0 -g3 -c -fmessage-length=0 -MT"src/sources/pacman.o" -mcpu=cortex-a9 -mfpu=vfpv3 -mfloat-abi=hard -I../../pacman_bsp/ps7_cortexa9_0/include -MMD -MP -MF"src/sources/pacman.d" -MT"src/sources/pacman.o" -o "src/sources/pacman.o" "../src/sources/pacman.c"
In file included from ../src/sources/../headers/movement.h:14:0,
                 from ../src/sources/../headers/pacman.h:18,
                 from ../src/sources/pacman.c:8:
../src/sources/../headers/io_devices.h:33:12: warning: 'offsetY' defined but not used [-Wunused-variable]
 static u16 offsetY;
            ^~~~~~~
../src/sources/../headers/io_devices.h:32:12: warning: 'offsetX' defined but not used [-Wunused-variable]
 static u16 offsetX;
            ^~~~~~~
In file included from ../src/sources/../headers/pacman.h:13:0,
                 from ../src/sources/pacman.c:8:
../src/sources/../headers/world.h:51:11: warning: 'gameOver' defined but not used [-Wunused-variable]
 static u8 gameOver[WIDTH][HEIGHT] = {
           ^~~~~~~~
In file included from ../src/sources/../headers/world.h:16:0,
                 from ../src/sources/../headers/pacman.h:13,
                 from ../src/sources/pacman.c:8:
../src/sources/../headers/led_matrix.h:23:11: warning: 'matrix' defined but not used [-Wunused-variable]
 static u8 matrix[WIDTH][HEIGHT][COLOR_COUNT];
           ^~~~~~
In file included from ../src/sources/../headers/entity.h:18:0,
                 from ../src/sources/../headers/pacman.h:12,
                 from ../src/sources/pacman.c:8:
../src/sources/../headers/score.h:19:12: warning: 'highscore' defined but not used [-Wunused-variable]
 static u16 highscore = 0;
            ^~~~~~~~~
../src/sources/../headers/score.h:18:12: warning: 'score' defined but not used [-Wunused-variable]
 static u16 score = 0;
            ^~~~~
Finished building: ../src/sources/pacman.c
 
Building file: ../src/main.c
Invoking: ARM v7 gcc compiler
arm-none-eabi-gcc -Wall -O0 -g3 -c -fmessage-length=0 -MT"src/main.o" -mcpu=cortex-a9 -mfpu=vfpv3 -mfloat-abi=hard -I../../pacman_bsp/ps7_cortexa9_0/include -MMD -MP -MF"src/main.d" -MT"src/main.o" -o "src/main.o" "../src/main.c"
In file included from ../src/headers/movement.h:12:0,
                 from ../src/headers/io_devices.h:15,
                 from ../src/main.c:12:
../src/headers/types.h:28:0: warning: "FALSE" redefined
 #define FALSE 0
 
In file included from ../../pacman_bsp/ps7_cortexa9_0/include/xil_io.h:64:0,
                 from ../src/main.c:10:
../../pacman_bsp/ps7_cortexa9_0/include/xil_types.h:69:0: note: this is the location of the previous definition
 #  define FALSE  0U
 
In file included from ../src/headers/movement.h:12:0,
                 from ../src/headers/io_devices.h:15,
                 from ../src/main.c:12:
../src/headers/types.h:29:0: warning: "TRUE" redefined
 #define TRUE 1
 
In file included from ../../pacman_bsp/ps7_cortexa9_0/include/xil_io.h:64:0,
                 from ../src/main.c:10:
../../pacman_bsp/ps7_cortexa9_0/include/xil_types.h:65:0: note: this is the location of the previous definition
 #  define TRUE  1U
 
In file included from ../src/headers/pacman.h:13:0,
                 from ../src/main.c:13:
../src/headers/world.h:51:11: warning: 'gameOver' defined but not used [-Wunused-variable]
 static u8 gameOver[WIDTH][HEIGHT] = {
           ^~~~~~~~
In file included from ../src/headers/world.h:16:0,
                 from ../src/headers/pacman.h:13,
                 from ../src/main.c:13:
../src/headers/led_matrix.h:23:11: warning: 'matrix' defined but not used [-Wunused-variable]
 static u8 matrix[WIDTH][HEIGHT][COLOR_COUNT];
           ^~~~~~
In file included from ../src/headers/entity.h:18:0,
                 from ../src/headers/pacman.h:12,
                 from ../src/main.c:13:
../src/headers/score.h:19:12: warning: 'highscore' defined but not used [-Wunused-variable]
 static u16 highscore = 0;
            ^~~~~~~~~
../src/headers/score.h:18:12: warning: 'score' defined but not used [-Wunused-variable]
 static u16 score = 0;
            ^~~~~
In file included from ../src/main.c:12:0:
../src/headers/io_devices.h:33:12: warning: 'offsetY' defined but not used [-Wunused-variable]
 static u16 offsetY;
            ^~~~~~~
../src/headers/io_devices.h:32:12: warning: 'offsetX' defined but not used [-Wunused-variable]
 static u16 offsetX;
            ^~~~~~~
Finished building: ../src/main.c
 
Building target: pacman.elf
Invoking: ARM v7 gcc linker
arm-none-eabi-gcc -mcpu=cortex-a9 -mfpu=vfpv3 -mfloat-abi=hard -Wl,-build-id=none -specs=Xilinx.spec -Wl,-T -Wl,../src/lscript.ld -L../../pacman_bsp/ps7_cortexa9_0/lib -o "pacman.elf"  ./src/sources/entity.o ./src/sources/food.o ./src/sources/game.o ./src/sources/io_devices.o ./src/sources/led_matrix.o ./src/sources/movement.o ./src/sources/pacman.o ./src/sources/score.o ./src/sources/world.o  ./src/main.o ./src/platform.o   -Wl,--start-group,-lxil,-lgcc,-lc,--end-group
Finished building target: pacman.elf
 
Invoking: ARM v7 Print Size
arm-none-eabi-size pacman.elf  |tee "pacman.elf.size"
   text	   data	    bss	    dec	    hex	filename
  89980	   2844	  24352	 117176	  1c9b8	pacman.elf
Finished building: pacman.elf.size
 
19:29:21 **** Auto Build of configuration Debug for project pacman ****
make pre-build main-build 
a9-linaro-pre-build-step
 
Building file: ../src/sources/io_devices.c
Invoking: ARM v7 gcc compiler
arm-none-eabi-gcc -Wall -O0 -g3 -c -fmessage-length=0 -MT"src/sources/io_devices.o" -mcpu=cortex-a9 -mfpu=vfpv3 -mfloat-abi=hard -I../../pacman_bsp/ps7_cortexa9_0/include -MMD -MP -MF"src/sources/io_devices.d" -MT"src/sources/io_devices.o" -o "src/sources/io_devices.o" "../src/sources/io_devices.c"
In file included from ../src/sources/../headers/movement.h:12:0,
                 from ../src/sources/../headers/io_devices.h:15,
                 from ../src/sources/io_devices.c:9:
../src/sources/../headers/types.h:28:0: warning: "FALSE" redefined
 #define FALSE 0
 
In file included from ../../pacman_bsp/ps7_cortexa9_0/include/xadcps.h:195:0,
                 from ../src/sources/../headers/io_devices.h:13,
                 from ../src/sources/io_devices.c:9:
../../pacman_bsp/ps7_cortexa9_0/include/xil_types.h:69:0: note: this is the location of the previous definition
 #  define FALSE  0U
 
In file included from ../src/sources/../headers/movement.h:12:0,
                 from ../src/sources/../headers/io_devices.h:15,
                 from ../src/sources/io_devices.c:9:
../src/sources/../headers/types.h:29:0: warning: "TRUE" redefined
 #define TRUE 1
 
In file included from ../../pacman_bsp/ps7_cortexa9_0/include/xadcps.h:195:0,
                 from ../src/sources/../headers/io_devices.h:13,
                 from ../src/sources/io_devices.c:9:
../../pacman_bsp/ps7_cortexa9_0/include/xil_types.h:65:0: note: this is the location of the previous definition
 #  define TRUE  1U
 
Finished building: ../src/sources/io_devices.c
 
Building file: ../src/sources/movement.c
Invoking: ARM v7 gcc compiler
arm-none-eabi-gcc -Wall -O0 -g3 -c -fmessage-length=0 -MT"src/sources/movement.o" -mcpu=cortex-a9 -mfpu=vfpv3 -mfloat-abi=hard -I../../pacman_bsp/ps7_cortexa9_0/include -MMD -MP -MF"src/sources/movement.d" -MT"src/sources/movement.o" -o "src/sources/movement.o" "../src/sources/movement.c"
../src/sources/movement.c: In function 'getMovement':
../src/sources/movement.c:22:27: warning: implicit declaration of function 'abs' [-Wimplicit-function-declaration]
  if(y < -MIN_VALUE && y < abs(x)){
                           ^~~
In file included from ../src/sources/../headers/movement.h:14:0,
                 from ../src/sources/movement.c:9:
At top level:
../src/sources/../headers/io_devices.h:33:12: warning: 'offsetY' defined but not used [-Wunused-variable]
 static u16 offsetY;
            ^~~~~~~
../src/sources/../headers/io_devices.h:32:12: warning: 'offsetX' defined but not used [-Wunused-variable]
 static u16 offsetX;
            ^~~~~~~
Finished building: ../src/sources/movement.c
 
Building file: ../src/sources/pacman.c
Invoking: ARM v7 gcc compiler
arm-none-eabi-gcc -Wall -O0 -g3 -c -fmessage-length=0 -MT"src/sources/pacman.o" -mcpu=cortex-a9 -mfpu=vfpv3 -mfloat-abi=hard -I../../pacman_bsp/ps7_cortexa9_0/include -MMD -MP -MF"src/sources/pacman.d" -MT"src/sources/pacman.o" -o "src/sources/pacman.o" "../src/sources/pacman.c"
In file included from ../src/sources/../headers/movement.h:14:0,
                 from ../src/sources/../headers/pacman.h:18,
                 from ../src/sources/pacman.c:8:
../src/sources/../headers/io_devices.h:33:12: warning: 'offsetY' defined but not used [-Wunused-variable]
 static u16 offsetY;
            ^~~~~~~
../src/sources/../headers/io_devices.h:32:12: warning: 'offsetX' defined but not used [-Wunused-variable]
 static u16 offsetX;
            ^~~~~~~
In file included from ../src/sources/../headers/pacman.h:13:0,
                 from ../src/sources/pacman.c:8:
../src/sources/../headers/world.h:51:11: warning: 'gameOver' defined but not used [-Wunused-variable]
 static u8 gameOver[WIDTH][HEIGHT] = {
           ^~~~~~~~
In file included from ../src/sources/../headers/world.h:16:0,
                 from ../src/sources/../headers/pacman.h:13,
                 from ../src/sources/pacman.c:8:
../src/sources/../headers/led_matrix.h:23:11: warning: 'matrix' defined but not used [-Wunused-variable]
 static u8 matrix[WIDTH][HEIGHT][COLOR_COUNT];
           ^~~~~~
In file included from ../src/sources/../headers/entity.h:18:0,
                 from ../src/sources/../headers/pacman.h:12,
                 from ../src/sources/pacman.c:8:
../src/sources/../headers/score.h:19:12: warning: 'highscore' defined but not used [-Wunused-variable]
 static u16 highscore = 0;
            ^~~~~~~~~
../src/sources/../headers/score.h:18:12: warning: 'score' defined but not used [-Wunused-variable]
 static u16 score = 0;
            ^~~~~
Finished building: ../src/sources/pacman.c
 
Building file: ../src/main.c
Invoking: ARM v7 gcc compiler
arm-none-eabi-gcc -Wall -O0 -g3 -c -fmessage-length=0 -MT"src/main.o" -mcpu=cortex-a9 -mfpu=vfpv3 -mfloat-abi=hard -I../../pacman_bsp/ps7_cortexa9_0/include -MMD -MP -MF"src/main.d" -MT"src/main.o" -o "src/main.o" "../src/main.c"
In file included from ../src/headers/movement.h:12:0,
                 from ../src/headers/io_devices.h:15,
                 from ../src/main.c:12:
../src/headers/types.h:28:0: warning: "FALSE" redefined
 #define FALSE 0
 
In file included from ../../pacman_bsp/ps7_cortexa9_0/include/xil_io.h:64:0,
                 from ../src/main.c:10:
../../pacman_bsp/ps7_cortexa9_0/include/xil_types.h:69:0: note: this is the location of the previous definition
 #  define FALSE  0U
 
In file included from ../src/headers/movement.h:12:0,
                 from ../src/headers/io_devices.h:15,
                 from ../src/main.c:12:
../src/headers/types.h:29:0: warning: "TRUE" redefined
 #define TRUE 1
 
In file included from ../../pacman_bsp/ps7_cortexa9_0/include/xil_io.h:64:0,
                 from ../src/main.c:10:
../../pacman_bsp/ps7_cortexa9_0/include/xil_types.h:65:0: note: this is the location of the previous definition
 #  define TRUE  1U
 
In file included from ../src/headers/pacman.h:13:0,
                 from ../src/main.c:13:
../src/headers/world.h:51:11: warning: 'gameOver' defined but not used [-Wunused-variable]
 static u8 gameOver[WIDTH][HEIGHT] = {
           ^~~~~~~~
In file included from ../src/headers/world.h:16:0,
                 from ../src/headers/pacman.h:13,
                 from ../src/main.c:13:
../src/headers/led_matrix.h:23:11: warning: 'matrix' defined but not used [-Wunused-variable]
 static u8 matrix[WIDTH][HEIGHT][COLOR_COUNT];
           ^~~~~~
In file included from ../src/headers/entity.h:18:0,
                 from ../src/headers/pacman.h:12,
                 from ../src/main.c:13:
../src/headers/score.h:19:12: warning: 'highscore' defined but not used [-Wunused-variable]
 static u16 highscore = 0;
            ^~~~~~~~~
../src/headers/score.h:18:12: warning: 'score' defined but not used [-Wunused-variable]
 static u16 score = 0;
            ^~~~~
In file included from ../src/main.c:12:0:
../src/headers/io_devices.h:33:12: warning: 'offsetY' defined but not used [-Wunused-variable]
 static u16 offsetY;
            ^~~~~~~
../src/headers/io_devices.h:32:12: warning: 'offsetX' defined but not used [-Wunused-variable]
 static u16 offsetX;
            ^~~~~~~
Finished building: ../src/main.c
 
Building target: pacman.elf
Invoking: ARM v7 gcc linker
arm-none-eabi-gcc -mcpu=cortex-a9 -mfpu=vfpv3 -mfloat-abi=hard -Wl,-build-id=none -specs=Xilinx.spec -Wl,-T -Wl,../src/lscript.ld -L../../pacman_bsp/ps7_cortexa9_0/lib -o "pacman.elf"  ./src/sources/entity.o ./src/sources/food.o ./src/sources/game.o ./src/sources/io_devices.o ./src/sources/led_matrix.o ./src/sources/movement.o ./src/sources/pacman.o ./src/sources/score.o ./src/sources/world.o  ./src/main.o ./src/platform.o   -Wl,--start-group,-lxil,-lgcc,-lc,--end-group
Finished building target: pacman.elf
 
Invoking: ARM v7 Print Size
arm-none-eabi-size pacman.elf  |tee "pacman.elf.size"
   text	   data	    bss	    dec	    hex	filename
  89980	   2844	  24352	 117176	  1c9b8	pacman.elf
Finished building: pacman.elf.size
 
