14:27:23 **** Auto Build of configuration Debug for project pacman ****
make pre-build main-build 
a9-linaro-pre-build-step
 
Building file: ../src/main.c
Invoking: ARM v7 gcc compiler
arm-none-eabi-gcc -Wall -O0 -g3 -c -fmessage-length=0 -MT"src/main.o" -mcpu=cortex-a9 -mfpu=vfpv3 -mfloat-abi=hard -I../../pacman_bsp/ps7_cortexa9_0/include -MMD -MP -MF"src/main.d" -MT"src/main.o" -o "src/main.o" "../src/main.c"
In file included from ../src/headers/entity.h:16:0,
                 from ../src/main.c:14:
../src/headers/types.h:25:0: warning: "FALSE" redefined
 #define FALSE 0
 
In file included from ../../pacman_bsp/ps7_cortexa9_0/include/xil_printf.h:11:0,
                 from ../src/main.c:6:
../../pacman_bsp/ps7_cortexa9_0/include/xil_types.h:69:0: note: this is the location of the previous definition
 #  define FALSE  0U
 
In file included from ../src/headers/entity.h:16:0,
                 from ../src/main.c:14:
../src/headers/types.h:26:0: warning: "TRUE" redefined
 #define TRUE 1
 
In file included from ../../pacman_bsp/ps7_cortexa9_0/include/xil_printf.h:11:0,
                 from ../src/main.c:6:
../../pacman_bsp/ps7_cortexa9_0/include/xil_types.h:65:0: note: this is the location of the previous definition
 #  define TRUE  1U
 
../src/main.c: In function 'pacman':
../src/main.c:160:4: warning: implicit declaration of function 'usleep'; did you mean 'fseek'? [-Wimplicit-function-declaration]
    usleep(SLEEP_500ms);
    ^~~~~~
    fseek
../src/main.c:164:3: warning: implicit declaration of function 'printGameoverScreen' [-Wimplicit-function-declaration]
   printGameoverScreen();            // Print game over screen
   ^~~~~~~~~~~~~~~~~~~
In file included from ../src/main.c:19:0:
At top level:
../src/headers/led_matrix.h:22:11: warning: 'matrix' defined but not used [-Wunused-variable]
 static u8 matrix[WIDTH][HEIGHT][COLOR_COUNT];
           ^~~~~~
In file included from ../src/headers/entity.h:18:0,
                 from ../src/main.c:14:
../src/headers/score.h:17:12: warning: 'highscore' defined but not used [-Wunused-variable]
 static u16 highscore = 0;
            ^~~~~~~~~
../src/headers/score.h:16:12: warning: 'score' defined but not used [-Wunused-variable]
 static u16 score = 0;
            ^~~~~
In file included from ../src/headers/entity.h:17:0,
                 from ../src/main.c:14:
../src/headers/world.h:86:11: warning: 'gameOver' defined but not used [-Wunused-variable]
 static u8 gameOver[WIDTH][HEIGHT] = {
           ^~~~~~~~
Finished building: ../src/main.c
 
Building target: pacman.elf
Invoking: ARM v7 gcc linker
arm-none-eabi-gcc -mcpu=cortex-a9 -mfpu=vfpv3 -mfloat-abi=hard -Wl,-build-id=none -specs=Xilinx.spec -Wl,-T -Wl,../src/lscript.ld -L../../pacman_bsp/ps7_cortexa9_0/lib -o "pacman.elf"  ./src/sources/entity.o ./src/sources/food.o ./src/sources/led_matrix.o ./src/sources/score.o ./src/sources/world.o  ./src/main.o ./src/platform.o   -Wl,--start-group,-lxil,-lgcc,-lc,--end-group
Finished building target: pacman.elf
 
Invoking: ARM v7 Print Size
arm-none-eabi-size pacman.elf  |tee "pacman.elf.size"
   text	   data	    bss	    dec	    hex	filename
  80840	   2964	  23728	 107532	  1a40c	pacman.elf
Finished building: pacman.elf.size
 

14:27:24 Build Finished (took 364ms)

